<?xml version="1.0" encoding="UTF-8"?>
<!-- Generated by org.testng.reporters.JUnitReportReporter -->
<testsuite hostname="BLR-763F163-L" failures="0" tests="1" name="com.mytests.StringFormattr" time="0.005" errors="0" timestamp="2022-03-23T13:23:23 IST" skipped="0">
  <testcase classname="com.mytests.StringFormattr" name="stngFr" time="0.005"/>
  <system-out/>
</testsuite> <!-- com.mytests.StringFormattr -->
