<?xml version="1.0" encoding="UTF-8"?>
<!-- Generated by org.testng.reporters.JUnitReportReporter -->
<testsuite hostname="BLR-763F163-L" failures="0" tests="1" name="com.mytests.XpathTest" time="27.900" errors="0" timestamp="2021-12-27T12:53:45 IST" skipped="0">
  <testcase classname="com.mytests.XpathTest" name="Test1" time="27.900"/>
  <system-out/>
</testsuite> <!-- com.mytests.XpathTest -->
