<?xml version="1.0" encoding="UTF-8"?>
<!-- Generated by org.testng.reporters.JUnitReportReporter -->
<testsuite hostname="BLR-763F163-L" failures="0" tests="1" name="com.mytests.getMethodName" time="0.007" errors="0" timestamp="2022-01-27T19:33:04 IST" skipped="0">
  <testcase classname="com.mytests.getMethodName" name="myOwnTest" time="0.007"/>
  <system-out/>
</testsuite> <!-- com.mytests.getMethodName -->
