<?xml version="1.0" encoding="UTF-8"?>
<!-- Generated by org.testng.reporters.JUnitReportReporter -->
<testsuite hostname="BLR-763F163-L" failures="0" tests="1" name="DBConnectionTests.RunSelectQuery" time="0.320" errors="0" timestamp="2022-03-08T16:07:23 IST" skipped="0">
  <testcase classname="DBConnectionTests.RunSelectQuery" name="dbTest" time="0.320"/>
  <system-out/>
</testsuite> <!-- DBConnectionTests.RunSelectQuery -->
