<?xml version="1.0" encoding="UTF-8"?>
<!-- Generated by org.testng.reporters.JUnitReportReporter -->
<testsuite hostname="BLR-763F163-L" failures="0" tests="1" name="MenuItems.menuItemsIssue" time="120.017" errors="0" timestamp="2022-03-25T16:20:25 IST" skipped="0">
  <testcase classname="MenuItems.menuItemsIssue" name="Test1" time="120.017"/>
  <system-out/>
</testsuite> <!-- MenuItems.menuItemsIssue -->
