<?xml version="1.0" encoding="UTF-8"?>
<!-- Generated by org.testng.reporters.JUnitReportReporter -->
<testsuite hostname="BLR-763F163-L" failures="0" tests="1" name="MenuItems.menuItemsIssue2" time="5.573" errors="0" timestamp="2022-03-25T14:47:59 IST" skipped="0">
  <testcase classname="MenuItems.menuItemsIssue2" name="Test1" time="5.573"/>
  <system-out/>
</testsuite> <!-- MenuItems.menuItemsIssue2 -->
