<?xml version="1.0" encoding="UTF-8"?>
<!-- Generated by org.testng.reporters.JUnitReportReporter -->
<testsuite hostname="BLR-763F163-L" failures="0" tests="1" name="com.mytests.getMethodName" time="0.006" errors="0" timestamp="2022-10-20T16:09:09 IST" skipped="0">
  <testcase classname="com.mytests.getMethodName" name="myOwnTest" time="0.006"/>
  <system-out/>
</testsuite> <!-- com.mytests.getMethodName -->
