<?xml version="1.0" encoding="UTF-8"?>
<!-- Generated by org.testng.reporters.JUnitReportReporter -->
<testsuite hostname="BLR-763F163-L" failures="0" tests="1" name="com.mytests.readProperty" time="0.006" errors="0" timestamp="2022-01-31T09:58:17 IST" skipped="0">
  <testcase classname="com.mytests.readProperty" name="read" time="0.006"/>
  <system-out/>
</testsuite> <!-- com.mytests.readProperty -->
