<?xml version="1.0" encoding="UTF-8"?>
<!-- Generated by org.testng.reporters.JUnitReportReporter -->
<testsuite hostname="BLR-763F163-L" failures="0" tests="1" name="com.mytests.NotePad" time="3.112" errors="0" timestamp="2021-11-29T17:30:53 IST" skipped="0">
  <testcase classname="com.mytests.NotePad" name="checkHelpAbout" time="3.112"/>
  <system-out/>
</testsuite> <!-- com.mytests.NotePad -->
