<?xml version="1.0" encoding="UTF-8"?>
<!-- Generated by org.testng.reporters.JUnitReportReporter -->
<testsuite hostname="BLR-763F163-L" failures="0" tests="1" name="MenuItems.UltraMenuBar" time="29.797" errors="0" timestamp="2022-04-06T16:02:12 IST" skipped="0">
  <testcase classname="MenuItems.UltraMenuBar" name="Test1" time="29.797"/>
  <system-out/>
</testsuite> <!-- MenuItems.UltraMenuBar -->
