<?xml version="1.0" encoding="UTF-8"?>
<!-- Generated by org.testng.reporters.JUnitReportReporter -->
<testsuite hostname="BLR-763F163-L" failures="0" tests="1" name="com.mytests.DigDic2" time="192.186" errors="0" timestamp="2021-12-08T06:40:36 GMT" skipped="0">
  <testcase classname="com.mytests.DigDic2" name="TestCase4" time="192.186"/>
  <system-out/>
</testsuite> <!-- com.mytests.DigDic2 -->
